-------------------------------------------------------------------------------
Test set: com.mts.domain.model.AccountTest
-------------------------------------------------------------------------------
Tests run: 9, Failures: 2, Errors: 0, Skipped: 0, Time elapsed: 0.187 s <<< FAILURE! -- in com.mts.domain.model.AccountTest
com.mts.domain.model.AccountTest.nonPositiveAmountsRejected -- Time elapsed: 0.078 s <<< FAILURE!
org.opentest4j.AssertionFailedError: Unexpected exception type thrown, expected: <java.lang.IllegalArgumentException> but was: <java.lang.NullPointerException>
	at org.junit.jupiter.api.AssertionFailureBuilder.build(AssertionFailureBuilder.java:151)
	at org.junit.jupiter.api.AssertThrows.assertThrows(AssertThrows.java:67)
	at org.junit.jupiter.api.AssertThrows.assertThrows(AssertThrows.java:35)
	at org.junit.jupiter.api.Assertions.assertThrows(Assertions.java:3115)
	at com.mts.domain.model.AccountTest.nonPositiveAmountsRejected(AccountTest.java:100)
	at java.base/java.lang.reflect.Method.invoke(Method.java:568)
	at java.base/java.util.ArrayList.forEach(ArrayList.java:1511)
	at java.base/java.util.ArrayList.forEach(ArrayList.java:1511)
Caused by: java.lang.NullPointerException: amount cannot be null
	at java.base/java.util.Objects.requireNonNull(Objects.java:233)
	at com.mts.domain.model.Account.normalizePositive(Account.java:130)
	at com.mts.domain.model.Account.credit(Account.java:78)
	at com.mts.domain.model.AccountTest.lambda$nonPositiveAmountsRejected$5(AccountTest.java:100)
	at org.junit.jupiter.api.AssertThrows.assertThrows(AssertThrows.java:53)
	... 6 more

com.mts.domain.model.AccountTest.setStatusBumpsVersionAndTimestamp -- Time elapsed: 0 s <<< FAILURE!
org.opentest4j.AssertionFailedError: Timestamp should update ==> expected: <true> but was: <false>
	at org.junit.jupiter.api.AssertionFailureBuilder.build(AssertionFailureBuilder.java:151)
	at org.junit.jupiter.api.AssertionFailureBuilder.buildAndThrow(AssertionFailureBuilder.java:132)
	at org.junit.jupiter.api.AssertTrue.failNotTrue(AssertTrue.java:63)
	at org.junit.jupiter.api.AssertTrue.assertTrue(AssertTrue.java:36)
	at org.junit.jupiter.api.Assertions.assertTrue(Assertions.java:214)
	at com.mts.domain.model.AccountTest.setStatusBumpsVersionAndTimestamp(AccountTest.java:81)
	at java.base/java.lang.reflect.Method.invoke(Method.java:568)
	at java.base/java.util.ArrayList.forEach(ArrayList.java:1511)
	at java.base/java.util.ArrayList.forEach(ArrayList.java:1511)

