<?xml version="1.0" encoding="UTF-8"?>
<testsuite xmlns:xsi="http://www.w3.org/2001/XMLSchema-instance" xsi:noNamespaceSchemaLocation="https://maven.apache.org/surefire/maven-surefire-plugin/xsd/surefire-test-report-3.0.xsd" version="3.0" name="com.mts.domain.dto.ErrorResponseTest" time="0.019" tests="4" errors="0" skipped="0" failures="0">
  <properties>
[...]
</properties>
  <testcase name="constructorShouldInitializeFieldsCorrectly" classname="com.mts.domain.dto.ErrorResponseTest" time="0.005"/>
  <testcase name="shouldAllowNullValuesIfProvided" classname="com.mts.domain.dto.ErrorResponseTest" time="0.002"/>
  <testcase name="toStringShouldBeNonNullButIsNotAssertedForContent" classname="com.mts.domain.dto.ErrorResponseTest" time="0.001"/>
  <testcase name="gettersShouldReturnExactlyWhatWasPassedIn" classname="com.mts.domain.dto.ErrorResponseTest" time="0.002"/>
</testsuite>