<?xml version="1.0" encoding="UTF-8"?>
<testsuite xmlns:xsi="http://www.w3.org/2001/XMLSchema-instance" xsi:noNamespaceSchemaLocation="https://maven.apache.org/surefire/maven-surefire-plugin/xsd/surefire-test-report-3.0.xsd" version="3.0" name="com.banking.transfer.controller.AccountControllerTest" time="66.725" tests="5" errors="0" skipped="0" failures="0">
  <properties>
[...]
</properties>
  <testcase name="createAccount_InvalidRequest_NegativeBalance" classname="com.banking.transfer.controller.AccountControllerTest" time="1.801">
    <system-out><![CDATA[08:14:50.508 [main] INFO org.springframework.test.context.support.AnnotationConfigContextLoaderUtils -- Could not detect default configuration classes for test class [com.banking.transfer.controller.AccountControllerTest]: AccountControllerTest does not declare any static, non-private, non-final, nested classes annotated with @Configuration.
08:14:51.470 [main] INFO org.springframework.boot.test.context.SpringBootTestContextBootstrapper -- Found @SpringBootConfiguration com.banking.transfer.MoneyTransferSystemApplication for test class com.banking.transfer.controller.AccountControllerTest

  .   ____          _            __ _ _
 /\\ / ___'_ __ _ _(_)_ __  __ _ \ \ \ \
( ( )\___ | '_ | '_| | '_ \/ _` | \ \ \ \
 \\/  ___)| |_)| | | | | || (_| |  ) ) ) )
  '  |____| .__|_| |_|_| |_\__, | / / / /
 =========|_|==============|___/=/_/_/_/
 :: Spring Boot ::                (v3.2.2)

2026-02-12T08:14:55.260+05:30  INFO 16812 --- [money-transfer-system] [           main] c.b.t.controller.AccountControllerTest   : Starting AccountControllerTest using Java 17.0.6 with PID 16812 (started by hashi in D:\Hashim\MoneyTransferProject\MoneyTransfer\backend)
2026-02-12T08:14:55.266+05:30 DEBUG 16812 --- [money-transfer-system] [           main] c.b.t.controller.AccountControllerTest   : Running with Spring Boot v3.2.2, Spring v6.1.3
2026-02-12T08:14:55.270+05:30  INFO 16812 --- [money-transfer-system] [           main] c.b.t.controller.AccountControllerTest   : The following 1 profile is active: "mysql"
2026-02-12T08:15:03.352+05:30  INFO 16812 --- [money-transfer-system] [           main] .s.d.r.c.RepositoryConfigurationDelegate : Bootstrapping Spring Data JPA repositories in DEFAULT mode.
2026-02-12T08:15:03.820+05:30  INFO 16812 --- [money-transfer-system] [           main] .s.d.r.c.RepositoryConfigurationDelegate : Finished Spring Data repository scanning in 407 ms. Found 2 JPA repository interfaces.
2026-02-12T08:15:17.003+05:30  INFO 16812 --- [money-transfer-system] [           main] o.hibernate.jpa.internal.util.LogHelper  : HHH000204: Processing PersistenceUnitInfo [name: default]
2026-02-12T08:15:17.658+05:30  INFO 16812 --- [money-transfer-system] [           main] org.hibernate.Version                    : HHH000412: Hibernate ORM core version 6.4.1.Final
2026-02-12T08:15:18.062+05:30  INFO 16812 --- [money-transfer-system] [           main] o.h.c.internal.RegionFactoryInitiator    : HHH000026: Second-level cache disabled
2026-02-12T08:15:19.201+05:30  INFO 16812 --- [money-transfer-system] [           main] o.s.o.j.p.SpringPersistenceUnitInfo      : No LoadTimeWeaver setup: ignoring JPA class transformer
2026-02-12T08:15:19.505+05:30  INFO 16812 --- [money-transfer-system] [           main] com.zaxxer.hikari.HikariDataSource       : HikariPool-1 - Starting...
2026-02-12T08:15:21.403+05:30  INFO 16812 --- [money-transfer-system] [           main] com.zaxxer.hikari.pool.HikariPool        : HikariPool-1 - Added connection com.mysql.cj.jdbc.ConnectionImpl@29eaf100
2026-02-12T08:15:21.434+05:30  INFO 16812 --- [money-transfer-system] [           main] com.zaxxer.hikari.HikariDataSource       : HikariPool-1 - Start completed.
2026-02-12T08:15:21.981+05:30  WARN 16812 --- [money-transfer-system] [           main] org.hibernate.orm.deprecation            : HHH90000025: MySQLDialect does not need to be specified explicitly using 'hibernate.dialect' (remove the property setting and it will be selected by default)
2026-02-12T08:15:28.693+05:30  INFO 16812 --- [money-transfer-system] [           main] o.h.e.t.j.p.i.JtaPlatformInitiator       : HHH000489: No JTA platform available (set 'hibernate.transaction.jta.platform' to enable JTA platform integration)
2026-02-12T08:15:29.251+05:30  INFO 16812 --- [money-transfer-system] [           main] j.LocalContainerEntityManagerFactoryBean : Initialized JPA EntityManagerFactory for persistence unit 'default'
2026-02-12T08:15:34.095+05:30  INFO 16812 --- [money-transfer-system] [           main] o.s.d.j.r.query.QueryEnhancerFactory     : Hibernate is in classpath; If applicable, HQL parser will be used.
2026-02-12T08:15:38.753+05:30  WARN 16812 --- [money-transfer-system] [           main] JpaBaseConfiguration$JpaWebConfiguration : spring.jpa.open-in-view is enabled by default. Therefore, database queries may be performed during view rendering. Explicitly configure spring.jpa.open-in-view to disable this warning
2026-02-12T08:15:44.885+05:30  INFO 16812 --- [money-transfer-system] [           main] o.s.b.a.e.web.EndpointLinksResolver      : Exposing 1 endpoint(s) beneath base path '/actuator'
2026-02-12T08:15:45.684+05:30  INFO 16812 --- [money-transfer-system] [           main] o.s.s.web.DefaultSecurityFilterChain     : Will secure any request with [org.springframework.security.web.session.DisableEncodeUrlFilter@41c983d3, org.springframework.security.web.context.request.async.WebAsyncManagerIntegrationFilter@250e9655, org.springframework.security.web.context.SecurityContextHolderFilter@c8d0ea3, org.springframework.security.web.header.HeaderWriterFilter@6bcc277a, org.springframework.web.filter.CorsFilter@4064cd60, org.springframework.web.filter.CorsFilter@5243ce45, org.springframework.security.web.authentication.logout.LogoutFilter@278e5f8e, org.springframework.security.web.authentication.www.BasicAuthenticationFilter@225fb905, org.springframework.security.web.savedrequest.RequestCacheAwareFilter@59fe8d94, org.springframework.security.web.servletapi.SecurityContextHolderAwareRequestFilter@194e116d, org.springframework.security.web.authentication.AnonymousAuthenticationFilter@5f1908c5, org.springframework.security.web.access.ExceptionTranslationFilter@50853850, org.springframework.security.web.access.intercept.AuthorizationFilter@30cf61ca]
2026-02-12T08:15:52.004+05:30  INFO 16812 --- [money-transfer-system] [           main] o.s.b.t.m.w.SpringBootMockServletContext : Initializing Spring TestDispatcherServlet ''
2026-02-12T08:15:52.006+05:30  INFO 16812 --- [money-transfer-system] [           main] o.s.t.web.servlet.TestDispatcherServlet  : Initializing Servlet ''
2026-02-12T08:15:52.017+05:30  INFO 16812 --- [money-transfer-system] [           main] o.s.t.web.servlet.TestDispatcherServlet  : Completed initialization in 8 ms
2026-02-12T08:15:52.698+05:30  INFO 16812 --- [money-transfer-system] [           main] c.b.t.controller.AccountControllerTest   : Started AccountControllerTest in 60.114 seconds (process running for 67.177)
2026-02-12T08:15:54.875+05:30 ERROR 16812 --- [money-transfer-system] [           main] c.b.t.config.GlobalExceptionHandler      : Validation failed: initialBalance: Balance must be non-negative
]]></system-out>
  </testcase>
  <testcase name="getAccount_Success" classname="com.banking.transfer.controller.AccountControllerTest" time="0.627"/>
  <testcase name="createAccount_Success" classname="com.banking.transfer.controller.AccountControllerTest" time="0.069"/>
  <testcase name="createAccount_InvalidRequest_MissingUsername" classname="com.banking.transfer.controller.AccountControllerTest" time="0.049">
    <system-out><![CDATA[2026-02-12T08:15:55.896+05:30 ERROR 16812 --- [money-transfer-system] [           main] c.b.t.config.GlobalExceptionHandler      : Validation failed: username: Username is required
]]></system-out>
  </testcase>
  <testcase name="login_Success" classname="com.banking.transfer.controller.AccountControllerTest" time="0.085"/>
</testsuite>