<?xml version="1.0" encoding="UTF-8"?>
<testsuite xmlns:xsi="http://www.w3.org/2001/XMLSchema-instance" xsi:noNamespaceSchemaLocation="https://maven.apache.org/surefire/maven-surefire-plugin/xsd/surefire-test-report-3.0.xsd" version="3.0" name="com.mts.domain.service.MoneyTransferDomainServiceTest" time="0.564" tests="9" errors="0" skipped="0" failures="1">
  <properties>
[...]
</properties>
  <testcase name="testTransfer_AutoIdempotencyOverload" classname="com.mts.domain.service.MoneyTransferDomainServiceTest" time="0.298"/>
  <testcase name="testTransfer_SameAccount" classname="com.mts.domain.service.MoneyTransferDomainServiceTest" time="0.125"/>
  <testcase name="testTransfer_InactiveDestination" classname="com.mts.domain.service.MoneyTransferDomainServiceTest" time="0.015"/>
  <testcase name="testTransfer_DuplicateIdempotencyKey" classname="com.mts.domain.service.MoneyTransferDomainServiceTest" time="0.016"/>
  <testcase name="testTransfer_InvalidAmount" classname="com.mts.domain.service.MoneyTransferDomainServiceTest" time="0.0"/>
  <testcase name="testTransfer_HappyPath" classname="com.mts.domain.service.MoneyTransferDomainServiceTest" time="0.0"/>
  <testcase name="testTransfer_InactiveSource" classname="com.mts.domain.service.MoneyTransferDomainServiceTest" time="0.015"/>
  <testcase name="testTransfer_InsufficientFunds" classname="com.mts.domain.service.MoneyTransferDomainServiceTest" time="0.047">
    <failure message="Unexpected exception type thrown, expected: &lt;com.mts.domain.exceptions.InsufficientBalanceException&gt; but was: &lt;java.lang.IllegalStateException&gt;" type="org.opentest4j.AssertionFailedError"><![CDATA[org.opentest4j.AssertionFailedError: Unexpected exception type thrown, expected: <com.mts.domain.exceptions.InsufficientBalanceException> but was: <java.lang.IllegalStateException>
	at org.junit.jupiter.api.AssertionFailureBuilder.build(AssertionFailureBuilder.java:151)
	at org.junit.jupiter.api.AssertThrows.assertThrows(AssertThrows.java:67)
	at org.junit.jupiter.api.AssertThrows.assertThrows(AssertThrows.java:35)
	at org.junit.jupiter.api.Assertions.assertThrows(Assertions.java:3115)
	at com.mts.domain.service.MoneyTransferDomainServiceTest.testTransfer_InsufficientFunds(MoneyTransferDomainServiceTest.java:116)
	at java.base/java.lang.reflect.Method.invoke(Method.java:568)
	at java.base/java.util.ArrayList.forEach(ArrayList.java:1511)
	at java.base/java.util.ArrayList.forEach(ArrayList.java:1511)
Caused by: java.lang.IllegalStateException: Insufficient balance: attempted 150.00, available 100.00
	at com.mts.domain.model.Account.debit(Account.java:99)
	at com.mts.domain.service.MoneyTransferDomainService.transfer(MoneyTransferDomainService.java:66)
	at com.mts.domain.service.MoneyTransferDomainServiceTest.lambda$testTransfer_InsufficientFunds$7(MoneyTransferDomainServiceTest.java:117)
	at org.junit.jupiter.api.AssertThrows.assertThrows(AssertThrows.java:53)
	... 6 more
]]></failure>
  </testcase>
  <testcase name="testTransfer_NullAccounts" classname="com.mts.domain.service.MoneyTransferDomainServiceTest" time="0.0"/>
</testsuite>